<?xml version="1.0" encoding="UTF-8"?>
<!-- Generated by org.testng.reporters.JUnitReportReporter -->
<testsuite hostname="TMZ-DPC-2238" failures="0" tests="2" name="runner.Runner6" time="92.716" errors="0" timestamp="2023-07-25T19:27:03 IST" skipped="0">
  <testcase classname="runner.Runner6" name="runScenario" time="47.311"/>
  <system-out/>
  <testcase classname="runner.Runner6" name="runScenario" time="45.405"/>
  <system-out/>
</testsuite> <!-- runner.Runner6 -->
