<?xml version="1.0" encoding="UTF-8"?>
<!-- Generated by org.testng.reporters.JUnitReportReporter -->
<testsuite hostname="TMZ-DPC-2235" failures="0" tests="1" name="StepDefinition.HelperClass" time="0.651" errors="0" timestamp="2023-07-24T16:43:16 IST" skipped="0">
  <testcase classname="StepDefinition.HelperClass" name="getDataFromExcel" time="0.651"/>
  <system-out/>
</testsuite> <!-- StepDefinition.HelperClass -->
