<?xml version="1.0" encoding="UTF-8"?>
<!-- Generated by org.testng.reporters.JUnitReportReporter -->
<testsuite hostname="TMZ-DPC-2235" failures="0" tests="1" name="StepDefinition.StepDefinition_3_3" time="0.645" errors="0" timestamp="2023-07-24T16:35:07 IST" skipped="0">
  <testcase classname="StepDefinition.StepDefinition_3_3" name="getDataFromExcel" time="0.645"/>
  <system-out/>
</testsuite> <!-- StepDefinition.StepDefinition_3_3 -->
