<?xml version="1.0" encoding="UTF-8"?>
<!-- Generated by org.testng.reporters.JUnitReportReporter -->
<testsuite hostname="TMZ-DPC-2259" failures="0" tests="2" name="com.Runner.GiftVoucher" time="56.046" errors="0" timestamp="2023-07-25T19:04:59 IST" skipped="0">
  <testcase classname="com.Runner.GiftVoucher" name="runScenario" time="22.470"/>
  <system-out/>
  <testcase classname="com.Runner.GiftVoucher" name="runScenario" time="33.576"/>
  <system-out/>
</testsuite> <!-- com.Runner.GiftVoucher -->
