<?xml version="1.0" encoding="UTF-8"?>
<!-- Generated by org.testng.reporters.JUnitReportReporter -->
<testsuite hostname="TMZ-DPC-2259" failures="0" tests="4" name="com.Runner.MarketPlace" time="73.895" errors="0" timestamp="2023-07-25T19:23:24 IST" skipped="0">
  <testcase classname="com.Runner.MarketPlace" name="runScenario" time="16.245"/>
  <system-out/>
  <testcase classname="com.Runner.MarketPlace" name="runScenario" time="16.104"/>
  <system-out/>
  <testcase classname="com.Runner.MarketPlace" name="runScenario" time="24.359"/>
  <system-out/>
  <testcase classname="com.Runner.MarketPlace" name="runScenario" time="17.187"/>
  <system-out/>
</testsuite> <!-- com.Runner.MarketPlace -->
