<?xml version="1.0" encoding="UTF-8"?>
<!-- Generated by org.testng.reporters.JUnitReportReporter -->
<testsuite hostname="TMZ-DPC-2165" failures="0" tests="7" name="Runner.RunnerClass" time="0.405" errors="0" timestamp="2023-07-26T13:40:13 IST" skipped="0">
  <testcase classname="Runner.RunnerClass" name="runScenario" time="0.014"/>
  <system-out/>
  <testcase classname="Runner.RunnerClass" name="runScenario" time="0.021"/>
  <system-out/>
  <testcase classname="Runner.RunnerClass" name="runScenario" time="0.012"/>
  <system-out/>
  <testcase classname="Runner.RunnerClass" name="runScenario" time="0.011"/>
  <system-out/>
  <testcase classname="Runner.RunnerClass" name="runScenario" time="0.326"/>
  <system-out/>
  <testcase classname="Runner.RunnerClass" name="runScenario" time="0.012"/>
  <system-out/>
  <testcase classname="Runner.RunnerClass" name="runScenario" time="0.009"/>
  <system-out/>
</testsuite> <!-- Runner.RunnerClass -->
